[0407/152905:ERROR:process_info.cc(608)] range at 0xff4ef000, size 0x230 fully unreadable
[0407/152905:ERROR:process_info.cc(608)] range at 0xff4ee000, size 0xf84 fully unreadable
[0407/152905:ERROR:process_info.cc(608)] range at 0xff4e9000, size 0xf84 fully unreadable
[0407/152905:ERROR:process_info.cc(608)] range at 0xff4e6000, size 0xf84 fully unreadable
[0407/152905:ERROR:process_info.cc(608)] range at 0xff3bf000, size 0xf84 fully unreadable
[0407/152905:ERROR:process_info.cc(608)] range at 0xff3bc000, size 0xf84 fully unreadable
[0407/152905:ERROR:process_info.cc(608)] range at 0xff3b9000, size 0xf84 fully unreadable
[0407/152905:ERROR:process_info.cc(608)] range at 0xff3b6000, size 0xf84 fully unreadable
[0407/152905:ERROR:process_info.cc(608)] range at 0xff3b3000, size 0xf84 fully unreadable
[0407/152905:ERROR:process_info.cc(608)] range at 0xff3b0000, size 0xf84 fully unreadable
[0407/152905:ERROR:process_info.cc(608)] range at 0xff3ad000, size 0xf84 fully unreadable
[0407/152905:ERROR:process_info.cc(608)] range at 0xff3aa000, size 0xf84 fully unreadable
[0407/152905:ERROR:process_info.cc(608)] range at 0xff3a7000, size 0xf84 fully unreadable
[0407/152905:ERROR:process_info.cc(608)] range at 0xff3a4000, size 0xf84 fully unreadable
[0409/163644:ERROR:process_info.cc(608)] range at 0xff075000, size 0x230 fully unreadable
[0409/163644:ERROR:process_info.cc(608)] range at 0xff07f000, size 0xf84 fully unreadable
[0409/163644:ERROR:process_info.cc(608)] range at 0xff07b000, size 0xf84 fully unreadable
[0409/163644:ERROR:process_info.cc(608)] range at 0xff078000, size 0xf84 fully unreadable
[0409/163644:ERROR:process_info.cc(608)] range at 0xfef4f000, size 0xf84 fully unreadable
[0409/163644:ERROR:process_info.cc(608)] range at 0xfef4c000, size 0xf84 fully unreadable
[0409/163644:ERROR:process_info.cc(608)] range at 0xfef49000, size 0xf84 fully unreadable
[0409/163644:ERROR:process_info.cc(608)] range at 0xfef46000, size 0xf84 fully unreadable
[0409/163644:ERROR:process_info.cc(608)] range at 0xfef43000, size 0xf84 fully unreadable
[0409/163644:ERROR:process_info.cc(608)] range at 0xfef40000, size 0xf84 fully unreadable
[0409/163757:ERROR:process_info.cc(608)] range at 0xfee64000, size 0x230 fully unreadable
[0409/163757:ERROR:process_info.cc(608)] range at 0xfee6d000, size 0xf84 fully unreadable
[0409/163757:ERROR:process_info.cc(608)] range at 0xfee6a000, size 0xf84 fully unreadable
[0409/163757:ERROR:process_info.cc(608)] range at 0xfee67000, size 0xf84 fully unreadable
[0409/163757:ERROR:process_info.cc(608)] range at 0xfed3f000, size 0xf84 fully unreadable
[0409/163757:ERROR:process_info.cc(608)] range at 0xfed3c000, size 0xf84 fully unreadable
[0409/163757:ERROR:process_info.cc(608)] range at 0xfed39000, size 0xf84 fully unreadable
[0409/163757:ERROR:process_info.cc(608)] range at 0xfed36000, size 0xf84 fully unreadable
[0409/163757:ERROR:process_info.cc(608)] range at 0xfed33000, size 0xf84 fully unreadable
[0409/163757:ERROR:process_info.cc(608)] range at 0xfed30000, size 0xf84 fully unreadable
[0409/163757:ERROR:process_info.cc(608)] range at 0xfed2d000, size 0xf84 fully unreadable
[0409/163757:ERROR:process_info.cc(608)] range at 0xfed2a000, size 0xf84 fully unreadable
[0409/163757:ERROR:process_info.cc(608)] range at 0xfed27000, size 0xf84 fully unreadable
[0409/172626:ERROR:process_info.cc(608)] range at 0xff8a5000, size 0x230 fully unreadable
[0409/172626:ERROR:process_info.cc(608)] range at 0xff8af000, size 0xf84 fully unreadable
[0409/172626:ERROR:process_info.cc(608)] range at 0xff8a9000, size 0xf84 fully unreadable
[0409/172626:ERROR:process_info.cc(608)] range at 0xff77f000, size 0xf84 fully unreadable
[0409/172626:ERROR:process_info.cc(608)] range at 0xff77c000, size 0xf84 fully unreadable
[0409/172626:ERROR:process_info.cc(608)] range at 0xff779000, size 0xf84 fully unreadable
[0409/172626:ERROR:process_info.cc(608)] range at 0xff776000, size 0xf84 fully unreadable
[0409/172626:ERROR:process_info.cc(608)] range at 0xff773000, size 0xf84 fully unreadable
[0409/172626:ERROR:process_info.cc(608)] range at 0xff770000, size 0xf84 fully unreadable
[0409/172626:ERROR:process_info.cc(608)] range at 0xff76d000, size 0xf84 fully unreadable
[0409/172626:ERROR:process_info.cc(608)] range at 0xff76a000, size 0xf84 fully unreadable
[0409/184111:ERROR:process_info.cc(608)] range at 0xff9b7000, size 0x230 fully unreadable
[0409/184111:ERROR:process_info.cc(608)] range at 0xff9bf000, size 0xf84 fully unreadable
[0409/184111:ERROR:process_info.cc(608)] range at 0xff9bc000, size 0xf84 fully unreadable
[0409/184111:ERROR:process_info.cc(608)] range at 0xff9b6000, size 0xf84 fully unreadable
[0409/184111:ERROR:process_info.cc(608)] range at 0xff88f000, size 0xf84 fully unreadable
[0409/184111:ERROR:process_info.cc(608)] range at 0xff88c000, size 0xf84 fully unreadable
[0409/184111:ERROR:process_info.cc(608)] range at 0xff889000, size 0xf84 fully unreadable
[0409/184111:ERROR:process_info.cc(608)] range at 0xff886000, size 0xf84 fully unreadable
[0409/184111:ERROR:process_info.cc(608)] range at 0xff883000, size 0xf84 fully unreadable
[0409/184111:ERROR:process_info.cc(608)] range at 0xff880000, size 0xf84 fully unreadable
[0409/184111:ERROR:process_info.cc(608)] range at 0xff87d000, size 0xf84 fully unreadable
[0410/155720:ERROR:process_info.cc(608)] range at 0xff337000, size 0x230 fully unreadable
[0410/155720:ERROR:process_info.cc(608)] range at 0xff33f000, size 0xf84 fully unreadable
[0410/155720:ERROR:process_info.cc(608)] range at 0xff33b000, size 0xf84 fully unreadable
[0410/155720:ERROR:process_info.cc(608)] range at 0xff336000, size 0xf84 fully unreadable
[0410/155720:ERROR:process_info.cc(608)] range at 0xff20f000, size 0xf84 fully unreadable
[0410/155720:ERROR:process_info.cc(608)] range at 0xff20c000, size 0xf84 fully unreadable
[0410/155720:ERROR:process_info.cc(608)] range at 0xff209000, size 0xf84 fully unreadable
[0410/155720:ERROR:process_info.cc(608)] range at 0xff206000, size 0xf84 fully unreadable
[0410/155720:ERROR:process_info.cc(608)] range at 0xff203000, size 0xf84 fully unreadable
[0410/155720:ERROR:process_info.cc(608)] range at 0xff1fd000, size 0xf84 fully unreadable
[0410/155720:ERROR:process_info.cc(608)] range at 0xff200000, size 0xf84 fully unreadable
[0410/203155:ERROR:process_info.cc(608)] range at 0xfec6e000, size 0x230 fully unreadable
[0410/203155:ERROR:process_reader_win.cc(232)] ReadMemory at 0xe3b768 of 72 bytes failed: Only part of a ReadProcessMemory or WriteProcessMemory request was completed. (0x12B)
[0410/203155:ERROR:process_reader_win.cc(232)] ReadMemory at 0xe346e8 of 72 bytes failed: Only part of a ReadProcessMemory or WriteProcessMemory request was completed. (0x12B)
[0410/203155:ERROR:process_reader_win.cc(232)] ReadMemory at 0xe31a48 of 784 bytes failed: Only part of a ReadProcessMemory or WriteProcessMemory request was completed. (0x12B)
[0410/203155:ERROR:process_snapshot_win.cc(302)] ReadMemory RTL_USER_PROCESS_PARAMETERS
[0410/203155:ERROR:process_reader_win.cc(98)] process 15752 not found
[0410/203155:ERROR:process_reader_win.cc(232)] ReadMemory at 0x1120000 of 64 bytes failed: Only part of a ReadProcessMemory or WriteProcessMemory request was completed. (0x12B)
[0410/203155:WARNING:pe_image_reader.cc(280)] could not read dos header from C:\Program Files (x86)\Google\Chrome\Application\chrome.exe
[0410/203155:ERROR:process_reader_win.cc(232)] ReadMemory at 0x77de0000 of 64 bytes failed: Only part of a ReadProcessMemory or WriteProcessMemory request was completed. (0x12B)
[0410/203155:WARNING:pe_image_reader.cc(280)] could not read dos header from C:\windows\SYSTEM32\ntdll.dll
[0410/203155:ERROR:process_reader_win.cc(232)] ReadMemory at 0x75d90000 of 64 bytes failed: Only part of a ReadProcessMemory or WriteProcessMemory request was completed. (0x12B)
[0410/203155:WARNING:pe_image_reader.cc(280)] could not read dos header from C:\windows\SYSTEM32\KERNELBASE.dll
[0410/203155:ERROR:process_reader_win.cc(232)] ReadMemory at 0x77410000 of 64 bytes failed: Only part of a ReadProcessMemory or WriteProcessMemory request was completed. (0x12B)
[0410/203155:WARNING:pe_image_reader.cc(280)] could not read dos header from C:\windows\SYSTEM32\KERNEL32.DLL
[0410/203155:ERROR:process_reader_win.cc(232)] ReadMemory at 0x757d0000 of 64 bytes failed: Only part of a ReadProcessMemory or WriteProcessMemory request was completed. (0x12B)
[0410/203155:WARNING:pe_image_reader.cc(280)] could not read dos header from C:\windows\SYSTEM32\msvcrt.dll
[0410/203155:ERROR:process_reader_win.cc(232)] ReadMemory at 0x75560000 of 64 bytes failed: Only part of a ReadProcessMemory or WriteProcessMemory request was completed. (0x12B)
[0410/203155:WARNING:pe_image_reader.cc(280)] could not read dos header from C:\windows\SYSTEM32\bcryptPrimitives.dll
[0410/203155:ERROR:process_reader_win.cc(232)] ReadMemory at 0x755c0000 of 64 bytes failed: Only part of a ReadProcessMemory or WriteProcessMemory request was completed. (0x12B)
[0410/203155:WARNING:pe_image_reader.cc(280)] could not read dos header from C:\windows\SYSTEM32\CRYPTBASE.dll
[0410/203155:ERROR:process_reader_win.cc(232)] ReadMemory at 0x755d0000 of 64 bytes failed: Only part of a ReadProcessMemory or WriteProcessMemory request was completed. (0x12B)
[0410/203155:WARNING:pe_image_reader.cc(280)] could not read dos header from C:\windows\SYSTEM32\SspiCli.dll
[0410/203155:ERROR:process_reader_win.cc(232)] ReadMemory at 0x77c50000 of 64 bytes failed: Only part of a ReadProcessMemory or WriteProcessMemory request was completed. (0x12B)
[0410/203155:WARNING:pe_image_reader.cc(280)] could not read dos header from C:\windows\SYSTEM32\RPCRT4.dll
[0410/203155:ERROR:process_reader_win.cc(232)] ReadMemory at 0x77860000 of 64 bytes failed: Only part of a ReadProcessMemory or WriteProcessMemory request was completed. (0x12B)
[0410/203155:WARNING:pe_image_reader.cc(280)] could not read dos header from C:\windows\SYSTEM32\sechost.dll
[0410/203155:ERROR:process_reader_win.cc(232)] ReadMemory at 0x77610000 of 64 bytes failed: Only part of a ReadProcessMemory or WriteProcessMemory request was completed. (0x12B)
[0410/203155:WARNING:pe_image_reader.cc(280)] could not read dos header from C:\windows\SYSTEM32\ADVAPI32.dll
[0410/203155:ERROR:process_reader_win.cc(232)] ReadMemory at 0x62db0000 of 64 bytes failed: Only part of a ReadProcessMemory or WriteProcessMemory request was completed. (0x12B)
[0410/203155:WARNING:pe_image_reader.cc(280)] could not read dos header from C:\Program Files (x86)\Google\Chrome\Application\49.0.2623.110\chrome_elf.dll
[0410/203155:ERROR:process_reader_win.cc(232)] ReadMemory at 0x77aa0000 of 64 bytes failed: Only part of a ReadProcessMemory or WriteProcessMemory request was completed. (0x12B)
[0410/203155:WARNING:pe_image_reader.cc(280)] could not read dos header from C:\windows\SYSTEM32\combase.dll
[0410/203155:ERROR:process_reader_win.cc(232)] ReadMemory at 0x697d0000 of 64 bytes failed: Only part of a ReadProcessMemory or WriteProcessMemory request was completed. (0x12B)
[0410/203155:WARNING:pe_image_reader.cc(280)] could not read dos header from C:\windows\SYSTEM32\WINHTTP.dll
[0410/203155:ERROR:process_reader_win.cc(232)] ReadMemory at 0x75460000 of 64 bytes failed: Only part of a ReadProcessMemory or WriteProcessMemory request was completed. (0x12B)
[0410/203155:WARNING:pe_image_reader.cc(280)] could not read dos header from C:\windows\SYSTEM32\VERSION.dll
[0410/203155:ERROR:process_reader_win.cc(232)] ReadMemory at 0x75cf0000 of 64 bytes failed: Only part of a ReadProcessMemory or WriteProcessMemory request was completed. (0x12B)
[0410/203155:WARNING:pe_image_reader.cc(280)] could not read dos header from C:\windows\SYSTEM32\cfgmgr32.dll
[0410/203155:ERROR:process_reader_win.cc(232)] ReadMemory at 0x751d0000 of 64 bytes failed: Only part of a ReadProcessMemory or WriteProcessMemory request was completed. (0x12B)
[0410/203155:WARNING:pe_image_reader.cc(280)] could not read dos header from C:\windows\SYSTEM32\DEVOBJ.dll
[0410/203155:ERROR:process_reader_win.cc(232)] ReadMemory at 0x75200000 of 64 bytes failed: Only part of a ReadProcessMemory or WriteProcessMemory request was completed. (0x12B)
[0410/203155:WARNING:pe_image_reader.cc(280)] could not read dos header from C:\windows\SYSTEM32\WINMMBASE.dll
[0410/203155:ERROR:process_reader_win.cc(232)] ReadMemory at 0x75bd0000 of 64 bytes failed: Only part of a ReadProcessMemory or WriteProcessMemory request was completed. (0x12B)
[0410/203155:WARNING:pe_image_reader.cc(280)] could not read dos header from C:\windows\SYSTEM32\GDI32.dll
[0410/203155:ERROR:process_reader_win.cc(232)] ReadMemory at 0x75ec0000 of 64 bytes failed: Only part of a ReadProcessMemory or WriteProcessMemory request was completed. (0x12B)
[0410/203155:WARNING:pe_image_reader.cc(280)] could not read dos header from C:\windows\SYSTEM32\USER32.dll
[0410/203155:ERROR:process_reader_win.cc(232)] ReadMemory at 0x75ab0000 of 64 bytes failed: Only part of a ReadProcessMemory or WriteProcessMemory request was completed. (0x12B)
[0410/203155:WARNING:pe_image_reader.cc(280)] could not read dos header from C:\windows\SYSTEM32\MSCTF.dll
[0410/203155:ERROR:process_reader_win.cc(232)] ReadMemory at 0x775e0000 of 64 bytes failed: Only part of a ReadProcessMemory or WriteProcessMemory request was completed. (0x12B)
[0410/203155:WARNING:pe_image_reader.cc(280)] could not read dos header from C:\windows\system32\IMM32.DLL
[0410/203155:ERROR:process_reader_win.cc(232)] ReadMemory at 0x75230000 of 64 bytes failed: Only part of a ReadProcessMemory or WriteProcessMemory request was completed. (0x12B)
[0410/203155:WARNING:pe_image_reader.cc(280)] could not read dos header from C:\windows\SYSTEM32\WINMM.dll
[0410/203155:ERROR:process_reader_win.cc(232)] ReadMemory at 0x752c0000 of 64 bytes failed: Only part of a ReadProcessMemory or WriteProcessMemory request was completed. (0x12B)
[0410/203155:WARNING:pe_image_reader.cc(280)] could not read dos header from C:\windows\SYSTEM32\profapi.dll
[0410/203155:ERROR:process_reader_win.cc(232)] ReadMemory at 0x75440000 of 64 bytes failed: Only part of a ReadProcessMemory or WriteProcessMemory request was completed. (0x12B)
[0410/203155:WARNING:pe_image_reader.cc(280)] could not read dos header from C:\windows\SYSTEM32\USERENV.dll
[0410/203155:ERROR:process_reader_win.cc(232)] ReadMemory at 0x75430000 of 64 bytes failed: Only part of a ReadProcessMemory or WriteProcessMemory request was completed. (0x12B)
[0410/203155:WARNING:pe_image_reader.cc(280)] could not read dos header from C:\windows\SYSTEM32\WTSAPI32.dll
[0410/203155:ERROR:process_reader_win.cc(232)] ReadMemory at 0x75e70000 of 64 bytes failed: Only part of a ReadProcessMemory or WriteProcessMemory request was completed. (0x12B)
[0410/203155:WARNING:pe_image_reader.cc(280)] could not read dos header from C:\windows\SYSTEM32\SHLWAPI.dll
[0410/203155:ERROR:process_reader_win.cc(232)] ReadMemory at 0x76150000 of 64 bytes failed: Only part of a ReadProcessMemory or WriteProcessMemory request was completed. (0x12B)
[0410/203155:WARNING:pe_image_reader.cc(280)] could not read dos header from C:\windows\SYSTEM32\SHELL32.dll
[0410/203155:ERROR:process_reader_win.cc(232)] ReadMemory at 0x75330000 of 64 bytes failed: Only part of a ReadProcessMemory or WriteProcessMemory request was completed. (0x12B)
[0410/203155:WARNING:pe_image_reader.cc(280)] could not read dos header from C:\windows\SYSTEM32\shcore.dll
[0410/203155:ERROR:process_reader_win.cc(232)] ReadMemory at 0x77c40000 of 64 bytes failed: Only part of a ReadProcessMemory or WriteProcessMemory request was completed. (0x12B)
[0410/203155:WARNING:pe_image_reader.cc(280)] could not read dos header from C:\windows\SYSTEM32\PSAPI.DLL
[0410/203155:ERROR:process_reader_win.cc(232)] ReadMemory at 0x62930000 of 64 bytes failed: Only part of a ReadProcessMemory or WriteProcessMemory request was completed. (0x12B)
[0410/203155:WARNING:pe_image_reader.cc(280)] could not read dos header from C:\windows\SYSTEM32\WINSPOOL.DRV
[0410/203155:ERROR:process_reader_win.cc(232)] ReadMemory at 0x74eb0000 of 64 bytes failed: Only part of a ReadProcessMemory or WriteProcessMemory request was completed. (0x12B)
[0410/203155:WARNING:pe_image_reader.cc(280)] could not read dos header from C:\windows\WinSxS\x86_microsoft.windows.common-controls_6595b64144ccf1df_6.0.9600.18006_none_a9ec6aab013aafee\COMCTL32.dll
[0410/203155:ERROR:process_reader_win.cc(232)] ReadMemory at 0x760b0000 of 64 bytes failed: Only part of a ReadProcessMemory or WriteProcessMemory request was completed. (0x12B)
[0410/203155:WARNING:pe_image_reader.cc(280)] could not read dos header from C:\windows\SYSTEM32\COMDLG32.dll
[0410/203155:ERROR:process_reader_win.cc(232)] ReadMemory at 0x756a0000 of 64 bytes failed: Only part of a ReadProcessMemory or WriteProcessMemory request was completed. (0x12B)
[0410/203155:WARNING:pe_image_reader.cc(280)] could not read dos header from C:\windows\SYSTEM32\ole32.dll
[0410/203155:ERROR:process_reader_win.cc(232)] ReadMemory at 0x755f0000 of 64 bytes failed: Only part of a ReadProcessMemory or WriteProcessMemory request was completed. (0x12B)
[0410/203155:WARNING:pe_image_reader.cc(280)] could not read dos header from C:\windows\SYSTEM32\OLEAUT32.dll
[0410/203155:ERROR:process_reader_win.cc(232)] ReadMemory at 0x75d80000 of 64 bytes failed: Only part of a ReadProcessMemory or WriteProcessMemory request was completed. (0x12B)
[0410/203155:WARNING:pe_image_reader.cc(280)] could not read dos header from C:\windows\SYSTEM32\NSI.dll
[0410/203155:ERROR:process_reader_win.cc(232)] ReadMemory at 0x75510000 of 64 bytes failed: Only part of a ReadProcessMemory or WriteProcessMemory request was completed. (0x12B)
[0410/203155:WARNING:pe_image_reader.cc(280)] could not read dos header from C:\windows\SYSTEM32\WINNSI.DLL
[0410/203155:ERROR:process_reader_win.cc(232)] ReadMemory at 0x753e0000 of 64 bytes failed: Only part of a ReadProcessMemory or WriteProcessMemory request was completed. (0x12B)
[0410/203155:WARNING:pe_image_reader.cc(280)] could not read dos header from C:\windows\SYSTEM32\IPHLPAPI.DLL
[0410/203155:ERROR:process_reader_win.cc(232)] ReadMemory at 0x75a60000 of 64 bytes failed: Only part of a ReadProcessMemory or WriteProcessMemory request was completed. (0x12B)
[0410/203155:WARNING:pe_image_reader.cc(280)] could not read dos header from C:\windows\SYSTEM32\WS2_32.dll
[0410/203155:ERROR:process_reader_win.cc(232)] ReadMemory at 0x72c80000 of 64 bytes failed: Only part of a ReadProcessMemory or WriteProcessMemory request was completed. (0x12B)
[0410/203155:WARNING:pe_image_reader.cc(280)] could not read dos header from C:\windows\SYSTEM32\USP10.dll
[0410/203155:ERROR:process_reader_win.cc(232)] ReadMemory at 0x75690000 of 64 bytes failed: Only part of a ReadProcessMemory or WriteProcessMemory request was completed. (0x12B)
[0410/203155:WARNING:pe_image_reader.cc(280)] could not read dos header from C:\windows\SYSTEM32\MSASN1.dll
[0410/203155:ERROR:process_reader_win.cc(232)] ReadMemory at 0x77910000 of 64 bytes failed: Only part of a ReadProcessMemory or WriteProcessMemory request was completed. (0x12B)
[0410/203155:WARNING:pe_image_reader.cc(280)] could not read dos header from C:\windows\SYSTEM32\CRYPT32.dll
[0410/203155:ERROR:process_reader_win.cc(232)] ReadMemory at 0x75d40000 of 64 bytes failed: Only part of a ReadProcessMemory or WriteProcessMemory request was completed. (0x12B)
[0410/203155:WARNING:pe_image_reader.cc(280)] could not read dos header from C:\windows\SYSTEM32\WINTRUST.dll
[0410/203155:ERROR:process_reader_win.cc(232)] ReadMemory at 0x75410000 of 64 bytes failed: Only part of a ReadProcessMemory or WriteProcessMemory request was completed. (0x12B)
[0410/203155:WARNING:pe_image_reader.cc(280)] could not read dos header from C:\windows\SYSTEM32\Secur32.dll
[0410/203155:ERROR:process_reader_win.cc(232)] ReadMemory at 0x528c0000 of 64 bytes failed: Only part of a ReadProcessMemory or WriteProcessMemory request was completed. (0x12B)
[0410/203155:WARNING:pe_image_reader.cc(280)] could not read dos header from C:\Program Files (x86)\Google\Chrome\Application\49.0.2623.110\chrome_child.dll
[0410/203155:ERROR:process_reader_win.cc(232)] ReadMemory at 0x72ca0000 of 64 bytes failed: Only part of a ReadProcessMemory or WriteProcessMemory request was completed. (0x12B)
[0410/203155:WARNING:pe_image_reader.cc(280)] could not read dos header from C:\windows\SYSTEM32\dwrite.dll
[0410/203155:ERROR:process_reader_win.cc(232)] ReadMemory at 0x11cc154 of 12 bytes failed: Only part of a ReadProcessMemory or WriteProcessMemory request was completed. (0x12B)
[0410/203155:WARNING:process_snapshot_win.cc(89)] ReadMemory ExceptionInformation failed
[0410/203155:WARNING:crash_report_exception_handler.cc(60)] ProcessSnapshotWin::InitializeException failed
[0410/203155:ERROR:scoped_process_suspend.cc(38)] NtResumeProcess, ntstatus=-1073741558
[0410/203329:ERROR:process_info.cc(608)] range at 0xff2cd000, size 0x230 fully unreadable
[0410/203329:ERROR:process_reader_win.cc(232)] ReadMemory at 0xb74e18 of 72 bytes failed: Only part of a ReadProcessMemory or WriteProcessMemory request was completed. (0x12B)
[0410/203329:ERROR:process_reader_win.cc(232)] ReadMemory at 0xb746f0 of 72 bytes failed: Only part of a ReadProcessMemory or WriteProcessMemory request was completed. (0x12B)
[0410/203329:ERROR:process_reader_win.cc(232)] ReadMemory at 0xb71a48 of 784 bytes failed: Only part of a ReadProcessMemory or WriteProcessMemory request was completed. (0x12B)
[0410/203329:ERROR:process_snapshot_win.cc(302)] ReadMemory RTL_USER_PROCESS_PARAMETERS
[0410/203329:ERROR:process_reader_win.cc(98)] process 15956 not found
[0410/203329:ERROR:process_reader_win.cc(232)] ReadMemory at 0x1120000 of 64 bytes failed: Only part of a ReadProcessMemory or WriteProcessMemory request was completed. (0x12B)
[0410/203329:WARNING:pe_image_reader.cc(280)] could not read dos header from C:\Program Files (x86)\Google\Chrome\Application\chrome.exe
[0410/203329:ERROR:process_reader_win.cc(232)] ReadMemory at 0x77de0000 of 64 bytes failed: Only part of a ReadProcessMemory or WriteProcessMemory request was completed. (0x12B)
[0410/203329:WARNING:pe_image_reader.cc(280)] could not read dos header from C:\windows\SYSTEM32\ntdll.dll
[0410/203329:ERROR:process_reader_win.cc(232)] ReadMemory at 0x75d90000 of 64 bytes failed: Only part of a ReadProcessMemory or WriteProcessMemory request was completed. (0x12B)
[0410/203329:WARNING:pe_image_reader.cc(280)] could not read dos header from C:\windows\SYSTEM32\KERNELBASE.dll
[0410/203329:ERROR:process_reader_win.cc(232)] ReadMemory at 0x77410000 of 64 bytes failed: Only part of a ReadProcessMemory or WriteProcessMemory request was completed. (0x12B)
[0410/203329:WARNING:pe_image_reader.cc(280)] could not read dos header from C:\windows\SYSTEM32\KERNEL32.DLL
[0410/203329:ERROR:process_reader_win.cc(232)] ReadMemory at 0x757d0000 of 64 bytes failed: Only part of a ReadProcessMemory or WriteProcessMemory request was completed. (0x12B)
[0410/203329:WARNING:pe_image_reader.cc(280)] could not read dos header from C:\windows\SYSTEM32\msvcrt.dll
[0410/203329:ERROR:process_reader_win.cc(232)] ReadMemory at 0x75560000 of 64 bytes failed: Only part of a ReadProcessMemory or WriteProcessMemory request was completed. (0x12B)
[0410/203329:WARNING:pe_image_reader.cc(280)] could not read dos header from C:\windows\SYSTEM32\bcryptPrimitives.dll
[0410/203329:ERROR:process_reader_win.cc(232)] ReadMemory at 0x755c0000 of 64 bytes failed: Only part of a ReadProcessMemory or WriteProcessMemory request was completed. (0x12B)
[0410/203329:WARNING:pe_image_reader.cc(280)] could not read dos header from C:\windows\SYSTEM32\CRYPTBASE.dll
[0410/203329:ERROR:process_reader_win.cc(232)] ReadMemory at 0x755d0000 of 64 bytes failed: Only part of a ReadProcessMemory or WriteProcessMemory request was completed. (0x12B)
[0410/203329:WARNING:pe_image_reader.cc(280)] could not read dos header from C:\windows\SYSTEM32\SspiCli.dll
[0410/203329:ERROR:process_reader_win.cc(232)] ReadMemory at 0x77c50000 of 64 bytes failed: Only part of a ReadProcessMemory or WriteProcessMemory request was completed. (0x12B)
[0410/203329:WARNING:pe_image_reader.cc(280)] could not read dos header from C:\windows\SYSTEM32\RPCRT4.dll
[0410/203329:ERROR:process_reader_win.cc(232)] ReadMemory at 0x77860000 of 64 bytes failed: Only part of a ReadProcessMemory or WriteProcessMemory request was completed. (0x12B)
[0410/203329:WARNING:pe_image_reader.cc(280)] could not read dos header from C:\windows\SYSTEM32\sechost.dll
[0410/203329:ERROR:process_reader_win.cc(232)] ReadMemory at 0x77610000 of 64 bytes failed: Only part of a ReadProcessMemory or WriteProcessMemory request was completed. (0x12B)
[0410/203329:WARNING:pe_image_reader.cc(280)] could not read dos header from C:\windows\SYSTEM32\ADVAPI32.dll
[0410/203329:ERROR:process_reader_win.cc(232)] ReadMemory at 0x62db0000 of 64 bytes failed: Only part of a ReadProcessMemory or WriteProcessMemory request was completed. (0x12B)
[0410/203329:WARNING:pe_image_reader.cc(280)] could not read dos header from C:\Program Files (x86)\Google\Chrome\Application\49.0.2623.110\chrome_elf.dll
[0410/203329:ERROR:process_reader_win.cc(232)] ReadMemory at 0x77aa0000 of 64 bytes failed: Only part of a ReadProcessMemory or WriteProcessMemory request was completed. (0x12B)
[0410/203329:WARNING:pe_image_reader.cc(280)] could not read dos header from C:\windows\SYSTEM32\combase.dll
[0410/203329:ERROR:process_reader_win.cc(232)] ReadMemory at 0x697d0000 of 64 bytes failed: Only part of a ReadProcessMemory or WriteProcessMemory request was completed. (0x12B)
[0410/203329:WARNING:pe_image_reader.cc(280)] could not read dos header from C:\windows\SYSTEM32\WINHTTP.dll
[0410/203329:ERROR:process_reader_win.cc(232)] ReadMemory at 0x75460000 of 64 bytes failed: Only part of a ReadProcessMemory or WriteProcessMemory request was completed. (0x12B)
[0410/203329:WARNING:pe_image_reader.cc(280)] could not read dos header from C:\windows\SYSTEM32\VERSION.dll
[0410/203329:ERROR:process_reader_win.cc(232)] ReadMemory at 0x75cf0000 of 64 bytes failed: Only part of a ReadProcessMemory or WriteProcessMemory request was completed. (0x12B)
[0410/203329:WARNING:pe_image_reader.cc(280)] could not read dos header from C:\windows\SYSTEM32\cfgmgr32.dll
[0410/203329:ERROR:process_reader_win.cc(232)] ReadMemory at 0x751d0000 of 64 bytes failed: Only part of a ReadProcessMemory or WriteProcessMemory request was completed. (0x12B)
[0410/203329:WARNING:pe_image_reader.cc(280)] could not read dos header from C:\windows\SYSTEM32\DEVOBJ.dll
[0410/203329:ERROR:process_reader_win.cc(232)] ReadMemory at 0x75200000 of 64 bytes failed: Only part of a ReadProcessMemory or WriteProcessMemory request was completed. (0x12B)
[0410/203329:WARNING:pe_image_reader.cc(280)] could not read dos header from C:\windows\SYSTEM32\WINMMBASE.dll
[0410/203329:ERROR:process_reader_win.cc(232)] ReadMemory at 0x75bd0000 of 64 bytes failed: Only part of a ReadProcessMemory or WriteProcessMemory request was completed. (0x12B)
[0410/203329:WARNING:pe_image_reader.cc(280)] could not read dos header from C:\windows\SYSTEM32\GDI32.dll
[0410/203329:ERROR:process_reader_win.cc(232)] ReadMemory at 0x75ec0000 of 64 bytes failed: Only part of a ReadProcessMemory or WriteProcessMemory request was completed. (0x12B)
[0410/203329:WARNING:pe_image_reader.cc(280)] could not read dos header from C:\windows\SYSTEM32\USER32.dll
[0410/203329:ERROR:process_reader_win.cc(232)] ReadMemory at 0x75ab0000 of 64 bytes failed: Only part of a ReadProcessMemory or WriteProcessMemory request was completed. (0x12B)
[0410/203329:WARNING:pe_image_reader.cc(280)] could not read dos header from C:\windows\SYSTEM32\MSCTF.dll
[0410/203329:ERROR:process_reader_win.cc(232)] ReadMemory at 0x775e0000 of 64 bytes failed: Only part of a ReadProcessMemory or WriteProcessMemory request was completed. (0x12B)
[0410/203329:WARNING:pe_image_reader.cc(280)] could not read dos header from C:\windows\system32\IMM32.DLL
[0410/203329:ERROR:process_reader_win.cc(232)] ReadMemory at 0x75230000 of 64 bytes failed: Only part of a ReadProcessMemory or WriteProcessMemory request was completed. (0x12B)
[0410/203329:WARNING:pe_image_reader.cc(280)] could not read dos header from C:\windows\SYSTEM32\WINMM.dll
[0410/203329:ERROR:process_reader_win.cc(232)] ReadMemory at 0x752c0000 of 64 bytes failed: Only part of a ReadProcessMemory or WriteProcessMemory request was completed. (0x12B)
[0410/203329:WARNING:pe_image_reader.cc(280)] could not read dos header from C:\windows\SYSTEM32\profapi.dll
[0410/203329:ERROR:process_reader_win.cc(232)] ReadMemory at 0x75440000 of 64 bytes failed: Only part of a ReadProcessMemory or WriteProcessMemory request was completed. (0x12B)
[0410/203329:WARNING:pe_image_reader.cc(280)] could not read dos header from C:\windows\SYSTEM32\USERENV.dll
[0410/203329:ERROR:process_reader_win.cc(232)] ReadMemory at 0x75430000 of 64 bytes failed: Only part of a ReadProcessMemory or WriteProcessMemory request was completed. (0x12B)
[0410/203329:WARNING:pe_image_reader.cc(280)] could not read dos header from C:\windows\SYSTEM32\WTSAPI32.dll
[0410/203329:ERROR:process_reader_win.cc(232)] ReadMemory at 0x75e70000 of 64 bytes failed: Only part of a ReadProcessMemory or WriteProcessMemory request was completed. (0x12B)
[0410/203329:WARNING:pe_image_reader.cc(280)] could not read dos header from C:\windows\SYSTEM32\SHLWAPI.dll
[0410/203329:ERROR:process_reader_win.cc(232)] ReadMemory at 0x76150000 of 64 bytes failed: Only part of a ReadProcessMemory or WriteProcessMemory request was completed. (0x12B)
[0410/203329:WARNING:pe_image_reader.cc(280)] could not read dos header from C:\windows\SYSTEM32\SHELL32.dll
[0410/203329:ERROR:process_reader_win.cc(232)] ReadMemory at 0x75330000 of 64 bytes failed: Only part of a ReadProcessMemory or WriteProcessMemory request was completed. (0x12B)
[0410/203329:WARNING:pe_image_reader.cc(280)] could not read dos header from C:\windows\SYSTEM32\shcore.dll
[0410/203329:ERROR:process_reader_win.cc(232)] ReadMemory at 0x77c40000 of 64 bytes failed: Only part of a ReadProcessMemory or WriteProcessMemory request was completed. (0x12B)
[0410/203329:WARNING:pe_image_reader.cc(280)] could not read dos header from C:\windows\SYSTEM32\PSAPI.DLL
[0410/203329:ERROR:process_reader_win.cc(232)] ReadMemory at 0x62930000 of 64 bytes failed: Only part of a ReadProcessMemory or WriteProcessMemory request was completed. (0x12B)
[0410/203329:WARNING:pe_image_reader.cc(280)] could not read dos header from C:\windows\SYSTEM32\WINSPOOL.DRV
[0410/203329:ERROR:process_reader_win.cc(232)] ReadMemory at 0x74eb0000 of 64 bytes failed: Only part of a ReadProcessMemory or WriteProcessMemory request was completed. (0x12B)
[0410/203329:WARNING:pe_image_reader.cc(280)] could not read dos header from C:\windows\WinSxS\x86_microsoft.windows.common-controls_6595b64144ccf1df_6.0.9600.18006_none_a9ec6aab013aafee\COMCTL32.dll
[0410/203329:ERROR:process_reader_win.cc(232)] ReadMemory at 0x760b0000 of 64 bytes failed: Only part of a ReadProcessMemory or WriteProcessMemory request was completed. (0x12B)
[0410/203329:WARNING:pe_image_reader.cc(280)] could not read dos header from C:\windows\SYSTEM32\COMDLG32.dll
[0410/203329:ERROR:process_reader_win.cc(232)] ReadMemory at 0x756a0000 of 64 bytes failed: Only part of a ReadProcessMemory or WriteProcessMemory request was completed. (0x12B)
[0410/203329:WARNING:pe_image_reader.cc(280)] could not read dos header from C:\windows\SYSTEM32\ole32.dll
[0410/203329:ERROR:process_reader_win.cc(232)] ReadMemory at 0x755f0000 of 64 bytes failed: Only part of a ReadProcessMemory or WriteProcessMemory request was completed. (0x12B)
[0410/203329:WARNING:pe_image_reader.cc(280)] could not read dos header from C:\windows\SYSTEM32\OLEAUT32.dll
[0410/203329:ERROR:process_reader_win.cc(232)] ReadMemory at 0x75d80000 of 64 bytes failed: Only part of a ReadProcessMemory or WriteProcessMemory request was completed. (0x12B)
[0410/203329:WARNING:pe_image_reader.cc(280)] could not read dos header from C:\windows\SYSTEM32\NSI.dll
[0410/203329:ERROR:process_reader_win.cc(232)] ReadMemory at 0x75510000 of 64 bytes failed: Only part of a ReadProcessMemory or WriteProcessMemory request was completed. (0x12B)
[0410/203329:WARNING:pe_image_reader.cc(280)] could not read dos header from C:\windows\SYSTEM32\WINNSI.DLL
[0410/203329:ERROR:process_reader_win.cc(232)] ReadMemory at 0x753e0000 of 64 bytes failed: Only part of a ReadProcessMemory or WriteProcessMemory request was completed. (0x12B)
[0410/203329:WARNING:pe_image_reader.cc(280)] could not read dos header from C:\windows\SYSTEM32\IPHLPAPI.DLL
[0410/203329:ERROR:process_reader_win.cc(232)] ReadMemory at 0x75a60000 of 64 bytes failed: Only part of a ReadProcessMemory or WriteProcessMemory request was completed. (0x12B)
[0410/203329:WARNING:pe_image_reader.cc(280)] could not read dos header from C:\windows\SYSTEM32\WS2_32.dll
[0410/203329:ERROR:process_reader_win.cc(232)] ReadMemory at 0x72c80000 of 64 bytes failed: Only part of a ReadProcessMemory or WriteProcessMemory request was completed. (0x12B)
[0410/203329:WARNING:pe_image_reader.cc(280)] could not read dos header from C:\windows\SYSTEM32\USP10.dll
[0410/203329:ERROR:process_reader_win.cc(232)] ReadMemory at 0x75690000 of 64 bytes failed: Only part of a ReadProcessMemory or WriteProcessMemory request was completed. (0x12B)
[0410/203329:WARNING:pe_image_reader.cc(280)] could not read dos header from C:\windows\SYSTEM32\MSASN1.dll
[0410/203329:ERROR:process_reader_win.cc(232)] ReadMemory at 0x77910000 of 64 bytes failed: Only part of a ReadProcessMemory or WriteProcessMemory request was completed. (0x12B)
[0410/203329:WARNING:pe_image_reader.cc(280)] could not read dos header from C:\windows\SYSTEM32\CRYPT32.dll
[0410/203329:ERROR:process_reader_win.cc(232)] ReadMemory at 0x75d40000 of 64 bytes failed: Only part of a ReadProcessMemory or WriteProcessMemory request was completed. (0x12B)
[0410/203329:WARNING:pe_image_reader.cc(280)] could not read dos header from C:\windows\SYSTEM32\WINTRUST.dll
[0410/203329:ERROR:process_reader_win.cc(232)] ReadMemory at 0x75410000 of 64 bytes failed: Only part of a ReadProcessMemory or WriteProcessMemory request was completed. (0x12B)
[0410/203329:WARNING:pe_image_reader.cc(280)] could not read dos header from C:\windows\SYSTEM32\Secur32.dll
[0410/203329:ERROR:process_reader_win.cc(232)] ReadMemory at 0x528c0000 of 64 bytes failed: Only part of a ReadProcessMemory or WriteProcessMemory request was completed. (0x12B)
[0410/203329:WARNING:pe_image_reader.cc(280)] could not read dos header from C:\Program Files (x86)\Google\Chrome\Application\49.0.2623.110\chrome_child.dll
[0410/203329:ERROR:process_reader_win.cc(232)] ReadMemory at 0x72ca0000 of 64 bytes failed: Only part of a ReadProcessMemory or WriteProcessMemory request was completed. (0x12B)
[0410/203329:WARNING:pe_image_reader.cc(280)] could not read dos header from C:\windows\SYSTEM32\dwrite.dll
[0410/203329:ERROR:process_reader_win.cc(232)] ReadMemory at 0x11cc154 of 12 bytes failed: Only part of a ReadProcessMemory or WriteProcessMemory request was completed. (0x12B)
[0410/203329:WARNING:process_snapshot_win.cc(89)] ReadMemory ExceptionInformation failed
[0410/203329:WARNING:crash_report_exception_handler.cc(60)] ProcessSnapshotWin::InitializeException failed
[0410/203329:ERROR:scoped_process_suspend.cc(38)] NtResumeProcess, ntstatus=-1073741558
[0410/203625:ERROR:process_info.cc(608)] range at 0xff1e8000, size 0x230 fully unreadable
[0410/203625:ERROR:process_info.cc(608)] range at 0xff1ee000, size 0xf84 fully unreadable
[0410/203625:ERROR:process_info.cc(608)] range at 0xff1eb000, size 0xf84 fully unreadable
[0410/203625:ERROR:process_info.cc(608)] range at 0xff1e7000, size 0xf84 fully unreadable
[0410/203625:ERROR:process_info.cc(608)] range at 0xff0bf000, size 0xf84 fully unreadable
[0410/203625:ERROR:process_info.cc(608)] range at 0xff0bc000, size 0xf84 fully unreadable
[0410/203625:ERROR:process_info.cc(608)] range at 0xff0b9000, size 0xf84 fully unreadable
[0410/203625:ERROR:process_info.cc(608)] range at 0xff0b6000, size 0xf84 fully unreadable
[0410/203625:ERROR:process_info.cc(608)] range at 0xff0b3000, size 0xf84 fully unreadable
[0410/203625:ERROR:process_info.cc(608)] range at 0xff0b0000, size 0xf84 fully unreadable
[0410/203635:ERROR:process_info.cc(330)] VirtualQueryEx: Access is denied. (0x5)
[0410/203635:ERROR:process_info.cc(547)] ReadMemoryInfo failed
[0410/203635:ERROR:process_info.cc(608)] range at 0xfe98c000, size 0x230 fully unreadable
[0410/203635:ERROR:process_info.cc(608)] range at 0x0, size 0x24 fully unreadable
[0410/203635:ERROR:process_reader_win.cc(232)] ReadMemory at 0x0 of 36 bytes failed: Only part of a ReadProcessMemory or WriteProcessMemory request was completed. (0x12B)
[0410/203635:ERROR:process_snapshot_win.cc(279)] ReadMemory PEB_LDR_DATA
[0410/203635:ERROR:process_reader_win.cc(232)] ReadMemory at 0x0 of 784 bytes failed: Only part of a ReadProcessMemory or WriteProcessMemory request was completed. (0x12B)
[0410/203635:ERROR:process_snapshot_win.cc(302)] ReadMemory RTL_USER_PROCESS_PARAMETERS
[0410/203635:ERROR:process_reader_win.cc(98)] process 13972 not found
[0410/203635:ERROR:process_reader_win.cc(232)] ReadMemory at 0x1120000 of 64 bytes failed: Only part of a ReadProcessMemory or WriteProcessMemory request was completed. (0x12B)
[0410/203635:WARNING:pe_image_reader.cc(280)] could not read dos header from C:\Program Files (x86)\Google\Chrome\Application\chrome.exe
[0410/203635:ERROR:process_reader_win.cc(232)] ReadMemory at 0x77de0000 of 64 bytes failed: Only part of a ReadProcessMemory or WriteProcessMemory request was completed. (0x12B)
[0410/203635:WARNING:pe_image_reader.cc(280)] could not read dos header from C:\windows\SYSTEM32\ntdll.dll
[0410/203635:ERROR:process_reader_win.cc(232)] ReadMemory at 0x75d90000 of 64 bytes failed: Only part of a ReadProcessMemory or WriteProcessMemory request was completed. (0x12B)
[0410/203635:WARNING:pe_image_reader.cc(280)] could not read dos header from C:\windows\SYSTEM32\KERNELBASE.dll
[0410/203635:ERROR:process_reader_win.cc(232)] ReadMemory at 0x77410000 of 64 bytes failed: Only part of a ReadProcessMemory or WriteProcessMemory request was completed. (0x12B)
[0410/203635:WARNING:pe_image_reader.cc(280)] could not read dos header from C:\windows\SYSTEM32\KERNEL32.DLL
[0410/203635:ERROR:process_reader_win.cc(232)] ReadMemory at 0x757d0000 of 64 bytes failed: Only part of a ReadProcessMemory or WriteProcessMemory request was completed. (0x12B)
[0410/203635:WARNING:pe_image_reader.cc(280)] could not read dos header from C:\windows\SYSTEM32\msvcrt.dll
[0410/203635:ERROR:process_reader_win.cc(232)] ReadMemory at 0x75560000 of 64 bytes failed: Only part of a ReadProcessMemory or WriteProcessMemory request was completed. (0x12B)
[0410/203635:WARNING:pe_image_reader.cc(280)] could not read dos header from C:\windows\SYSTEM32\bcryptPrimitives.dll
[0410/203635:ERROR:process_reader_win.cc(232)] ReadMemory at 0x755c0000 of 64 bytes failed: Only part of a ReadProcessMemory or WriteProcessMemory request was completed. (0x12B)
[0410/203635:WARNING:pe_image_reader.cc(280)] could not read dos header from C:\windows\SYSTEM32\CRYPTBASE.dll
[0410/203635:ERROR:process_reader_win.cc(232)] ReadMemory at 0x755d0000 of 64 bytes failed: Only part of a ReadProcessMemory or WriteProcessMemory request was completed. (0x12B)
[0410/203635:WARNING:pe_image_reader.cc(280)] could not read dos header from C:\windows\SYSTEM32\SspiCli.dll
[0410/203635:ERROR:process_reader_win.cc(232)] ReadMemory at 0x77c50000 of 64 bytes failed: Only part of a ReadProcessMemory or WriteProcessMemory request was completed. (0x12B)
[0410/203635:WARNING:pe_image_reader.cc(280)] could not read dos header from C:\windows\SYSTEM32\RPCRT4.dll
[0410/203635:ERROR:process_reader_win.cc(232)] ReadMemory at 0x77860000 of 64 bytes failed: Only part of a ReadProcessMemory or WriteProcessMemory request was completed. (0x12B)
[0410/203635:WARNING:pe_image_reader.cc(280)] could not read dos header from C:\windows\SYSTEM32\sechost.dll
[0410/203635:ERROR:process_reader_win.cc(232)] ReadMemory at 0x77610000 of 64 bytes failed: Only part of a ReadProcessMemory or WriteProcessMemory request was completed. (0x12B)
[0410/203635:WARNING:pe_image_reader.cc(280)] could not read dos header from C:\windows\SYSTEM32\ADVAPI32.dll
[0410/203635:ERROR:process_reader_win.cc(232)] ReadMemory at 0x62db0000 of 64 bytes failed: Only part of a ReadProcessMemory or WriteProcessMemory request was completed. (0x12B)
[0410/203635:WARNING:pe_image_reader.cc(280)] could not read dos header from C:\Program Files (x86)\Google\Chrome\Application\49.0.2623.110\chrome_elf.dll
[0410/203635:ERROR:process_reader_win.cc(232)] ReadMemory at 0x77aa0000 of 64 bytes failed: Only part of a ReadProcessMemory or WriteProcessMemory request was completed. (0x12B)
[0410/203635:WARNING:pe_image_reader.cc(280)] could not read dos header from C:\windows\SYSTEM32\combase.dll
[0410/203635:ERROR:process_reader_win.cc(232)] ReadMemory at 0x697d0000 of 64 bytes failed: Only part of a ReadProcessMemory or WriteProcessMemory request was completed. (0x12B)
[0410/203635:WARNING:pe_image_reader.cc(280)] could not read dos header from C:\windows\SYSTEM32\WINHTTP.dll
[0410/203635:ERROR:process_reader_win.cc(232)] ReadMemory at 0x75460000 of 64 bytes failed: Only part of a ReadProcessMemory or WriteProcessMemory request was completed. (0x12B)
[0410/203635:WARNING:pe_image_reader.cc(280)] could not read dos header from C:\windows\SYSTEM32\VERSION.dll
[0410/203635:ERROR:process_reader_win.cc(232)] ReadMemory at 0x75cf0000 of 64 bytes failed: Only part of a ReadProcessMemory or WriteProcessMemory request was completed. (0x12B)
[0410/203635:WARNING:pe_image_reader.cc(280)] could not read dos header from C:\windows\SYSTEM32\cfgmgr32.dll
[0410/203635:ERROR:process_reader_win.cc(232)] ReadMemory at 0x751d0000 of 64 bytes failed: Only part of a ReadProcessMemory or WriteProcessMemory request was completed. (0x12B)
[0410/203635:WARNING:pe_image_reader.cc(280)] could not read dos header from C:\windows\SYSTEM32\DEVOBJ.dll
[0410/203635:ERROR:process_reader_win.cc(232)] ReadMemory at 0x75200000 of 64 bytes failed: Only part of a ReadProcessMemory or WriteProcessMemory request was completed. (0x12B)
[0410/203635:WARNING:pe_image_reader.cc(280)] could not read dos header from C:\windows\SYSTEM32\WINMMBASE.dll
[0410/203635:ERROR:process_reader_win.cc(232)] ReadMemory at 0x75bd0000 of 64 bytes failed: Only part of a ReadProcessMemory or WriteProcessMemory request was completed. (0x12B)
[0410/203635:WARNING:pe_image_reader.cc(280)] could not read dos header from C:\windows\SYSTEM32\GDI32.dll
[0410/203635:ERROR:process_reader_win.cc(232)] ReadMemory at 0x75ec0000 of 64 bytes failed: Only part of a ReadProcessMemory or WriteProcessMemory request was completed. (0x12B)
[0410/203635:WARNING:pe_image_reader.cc(280)] could not read dos header from C:\windows\SYSTEM32\USER32.dll
[0410/203635:ERROR:process_reader_win.cc(232)] ReadMemory at 0x75ab0000 of 64 bytes failed: Only part of a ReadProcessMemory or WriteProcessMemory request was completed. (0x12B)
[0410/203635:WARNING:pe_image_reader.cc(280)] could not read dos header from C:\windows\SYSTEM32\MSCTF.dll
[0410/203635:ERROR:process_reader_win.cc(232)] ReadMemory at 0x775e0000 of 64 bytes failed: Only part of a ReadProcessMemory or WriteProcessMemory request was completed. (0x12B)
[0410/203635:WARNING:pe_image_reader.cc(280)] could not read dos header from C:\windows\system32\IMM32.DLL
[0410/203635:ERROR:process_reader_win.cc(232)] ReadMemory at 0x75230000 of 64 bytes failed: Only part of a ReadProcessMemory or WriteProcessMemory request was completed. (0x12B)
[0410/203635:WARNING:pe_image_reader.cc(280)] could not read dos header from C:\windows\SYSTEM32\WINMM.dll
[0410/203635:ERROR:process_reader_win.cc(232)] ReadMemory at 0x752c0000 of 64 bytes failed: Only part of a ReadProcessMemory or WriteProcessMemory request was completed. (0x12B)
[0410/203635:WARNING:pe_image_reader.cc(280)] could not read dos header from C:\windows\SYSTEM32\profapi.dll
[0410/203635:ERROR:process_reader_win.cc(232)] ReadMemory at 0x75440000 of 64 bytes failed: Only part of a ReadProcessMemory or WriteProcessMemory request was completed. (0x12B)
[0410/203635:WARNING:pe_image_reader.cc(280)] could not read dos header from C:\windows\SYSTEM32\USERENV.dll
[0410/203635:ERROR:process_reader_win.cc(232)] ReadMemory at 0x75430000 of 64 bytes failed: Only part of a ReadProcessMemory or WriteProcessMemory request was completed. (0x12B)
[0410/203635:WARNING:pe_image_reader.cc(280)] could not read dos header from C:\windows\SYSTEM32\WTSAPI32.dll
[0410/203635:ERROR:process_reader_win.cc(232)] ReadMemory at 0x75e70000 of 64 bytes failed: Only part of a ReadProcessMemory or WriteProcessMemory request was completed. (0x12B)
[0410/203635:WARNING:pe_image_reader.cc(280)] could not read dos header from C:\windows\SYSTEM32\SHLWAPI.dll
[0410/203635:ERROR:process_reader_win.cc(232)] ReadMemory at 0x76150000 of 64 bytes failed: Only part of a ReadProcessMemory or WriteProcessMemory request was completed. (0x12B)
[0410/203635:WARNING:pe_image_reader.cc(280)] could not read dos header from C:\windows\SYSTEM32\SHELL32.dll
[0410/203635:ERROR:process_reader_win.cc(232)] ReadMemory at 0x75330000 of 64 bytes failed: Only part of a ReadProcessMemory or WriteProcessMemory request was completed. (0x12B)
[0410/203635:WARNING:pe_image_reader.cc(280)] could not read dos header from C:\windows\SYSTEM32\shcore.dll
[0410/203635:ERROR:process_reader_win.cc(232)] ReadMemory at 0x77c40000 of 64 bytes failed: Only part of a ReadProcessMemory or WriteProcessMemory request was completed. (0x12B)
[0410/203635:WARNING:pe_image_reader.cc(280)] could not read dos header from C:\windows\SYSTEM32\PSAPI.DLL
[0410/203635:ERROR:process_reader_win.cc(232)] ReadMemory at 0x62930000 of 64 bytes failed: Only part of a ReadProcessMemory or WriteProcessMemory request was completed. (0x12B)
[0410/203635:WARNING:pe_image_reader.cc(280)] could not read dos header from C:\windows\SYSTEM32\WINSPOOL.DRV
[0410/203635:ERROR:process_reader_win.cc(232)] ReadMemory at 0x74eb0000 of 64 bytes failed: Only part of a ReadProcessMemory or WriteProcessMemory request was completed. (0x12B)
[0410/203635:WARNING:pe_image_reader.cc(280)] could not read dos header from C:\windows\WinSxS\x86_microsoft.windows.common-controls_6595b64144ccf1df_6.0.9600.18006_none_a9ec6aab013aafee\COMCTL32.dll
[0410/203635:ERROR:process_reader_win.cc(232)] ReadMemory at 0x760b0000 of 64 bytes failed: Only part of a ReadProcessMemory or WriteProcessMemory request was completed. (0x12B)
[0410/203635:WARNING:pe_image_reader.cc(280)] could not read dos header from C:\windows\SYSTEM32\COMDLG32.dll
[0410/203635:ERROR:process_reader_win.cc(232)] ReadMemory at 0x756a0000 of 64 bytes failed: Only part of a ReadProcessMemory or WriteProcessMemory request was completed. (0x12B)
[0410/203635:WARNING:pe_image_reader.cc(280)] could not read dos header from C:\windows\SYSTEM32\ole32.dll
[0410/203635:ERROR:process_reader_win.cc(232)] ReadMemory at 0x755f0000 of 64 bytes failed: Only part of a ReadProcessMemory or WriteProcessMemory request was completed. (0x12B)
[0410/203635:WARNING:pe_image_reader.cc(280)] could not read dos header from C:\windows\SYSTEM32\OLEAUT32.dll
[0410/203635:ERROR:process_reader_win.cc(232)] ReadMemory at 0x75d80000 of 64 bytes failed: Only part of a ReadProcessMemory or WriteProcessMemory request was completed. (0x12B)
[0410/203635:WARNING:pe_image_reader.cc(280)] could not read dos header from C:\windows\SYSTEM32\NSI.dll
[0410/203635:ERROR:process_reader_win.cc(232)] ReadMemory at 0x75510000 of 64 bytes failed: Only part of a ReadProcessMemory or WriteProcessMemory request was completed. (0x12B)
[0410/203635:WARNING:pe_image_reader.cc(280)] could not read dos header from C:\windows\SYSTEM32\WINNSI.DLL
[0410/203635:ERROR:process_reader_win.cc(232)] ReadMemory at 0x753e0000 of 64 bytes failed: Only part of a ReadProcessMemory or WriteProcessMemory request was completed. (0x12B)
[0410/203635:WARNING:pe_image_reader.cc(280)] could not read dos header from C:\windows\SYSTEM32\IPHLPAPI.DLL
[0410/203635:ERROR:process_reader_win.cc(232)] ReadMemory at 0x75a60000 of 64 bytes failed: Only part of a ReadProcessMemory or WriteProcessMemory request was completed. (0x12B)
[0410/203635:WARNING:pe_image_reader.cc(280)] could not read dos header from C:\windows\SYSTEM32\WS2_32.dll
[0410/203635:ERROR:process_reader_win.cc(232)] ReadMemory at 0x72c80000 of 64 bytes failed: Only part of a ReadProcessMemory or WriteProcessMemory request was completed. (0x12B)
[0410/203635:WARNING:pe_image_reader.cc(280)] could not read dos header from C:\windows\SYSTEM32\USP10.dll
[0410/203635:ERROR:process_reader_win.cc(232)] ReadMemory at 0x75690000 of 64 bytes failed: Only part of a ReadProcessMemory or WriteProcessMemory request was completed. (0x12B)
[0410/203635:WARNING:pe_image_reader.cc(280)] could not read dos header from C:\windows\SYSTEM32\MSASN1.dll
[0410/203635:ERROR:process_reader_win.cc(232)] ReadMemory at 0x77910000 of 64 bytes failed: Only part of a ReadProcessMemory or WriteProcessMemory request was completed. (0x12B)
[0410/203635:WARNING:pe_image_reader.cc(280)] could not read dos header from C:\windows\SYSTEM32\CRYPT32.dll
[0410/203635:ERROR:process_reader_win.cc(232)] ReadMemory at 0x75d40000 of 64 bytes failed: Only part of a ReadProcessMemory or WriteProcessMemory request was completed. (0x12B)
[0410/203635:WARNING:pe_image_reader.cc(280)] could not read dos header from C:\windows\SYSTEM32\WINTRUST.dll
[0410/203635:ERROR:process_reader_win.cc(232)] ReadMemory at 0x75410000 of 64 bytes failed: Only part of a ReadProcessMemory or WriteProcessMemory request was completed. (0x12B)
[0410/203635:WARNING:pe_image_reader.cc(280)] could not read dos header from C:\windows\SYSTEM32\Secur32.dll
[0410/203635:ERROR:process_reader_win.cc(232)] ReadMemory at 0x528c0000 of 64 bytes failed: Only part of a ReadProcessMemory or WriteProcessMemory request was completed. (0x12B)
[0410/203635:WARNING:pe_image_reader.cc(280)] could not read dos header from C:\Program Files (x86)\Google\Chrome\Application\49.0.2623.110\chrome_child.dll
[0410/203635:ERROR:process_reader_win.cc(232)] ReadMemory at 0x72ca0000 of 64 bytes failed: Only part of a ReadProcessMemory or WriteProcessMemory request was completed. (0x12B)
[0410/203635:WARNING:pe_image_reader.cc(280)] could not read dos header from C:\windows\SYSTEM32\dwrite.dll
[0410/203635:ERROR:process_reader_win.cc(232)] ReadMemory at 0x11cc154 of 12 bytes failed: Only part of a ReadProcessMemory or WriteProcessMemory request was completed. (0x12B)
[0410/203635:WARNING:process_snapshot_win.cc(89)] ReadMemory ExceptionInformation failed
[0410/203635:WARNING:crash_report_exception_handler.cc(60)] ProcessSnapshotWin::InitializeException failed
[0410/203635:ERROR:scoped_process_suspend.cc(38)] NtResumeProcess, ntstatus=-1073741558
[0410/205705:ERROR:process_info.cc(608)] range at 0xfec7b000, size 0x230 fully unreadable
[0410/205705:ERROR:process_info.cc(608)] range at 0xfec7f000, size 0xf84 fully unreadable
[0410/205705:ERROR:process_info.cc(608)] range at 0xfec7a000, size 0xf84 fully unreadable
[0410/205705:ERROR:process_info.cc(608)] range at 0xfec77000, size 0xf84 fully unreadable
[0410/205705:ERROR:process_info.cc(608)] range at 0xfeb4f000, size 0xf84 fully unreadable
[0410/205705:ERROR:process_info.cc(608)] range at 0xfeb4c000, size 0xf84 fully unreadable
[0410/205705:ERROR:process_info.cc(608)] range at 0xfeb49000, size 0xf84 fully unreadable
[0410/205705:ERROR:process_info.cc(608)] range at 0xfeb46000, size 0xf84 fully unreadable
[0410/205705:ERROR:process_info.cc(608)] range at 0xfeb43000, size 0xf84 fully unreadable
[0410/205705:ERROR:process_info.cc(608)] range at 0xfeb40000, size 0xf84 fully unreadable
[0410/205705:ERROR:process_info.cc(608)] range at 0xfeb34000, size 0xf84 fully unreadable
[0410/205705:ERROR:process_info.cc(608)] range at 0xfeb31000, size 0xf84 fully unreadable
[0410/205705:ERROR:process_info.cc(608)] range at 0xfeb2e000, size 0xf84 fully unreadable
[0410/205705:ERROR:process_info.cc(608)] range at 0xfeb2b000, size 0xf84 fully unreadable
[0410/205705:ERROR:process_info.cc(608)] range at 0xfeb1f000, size 0xf84 fully unreadable
[0410/205705:ERROR:process_info.cc(608)] range at 0xfeb28000, size 0xf84 fully unreadable
[0410/205705:ERROR:process_info.cc(608)] range at 0xfeb25000, size 0xf84 fully unreadable
[0410/205705:ERROR:process_info.cc(608)] range at 0xfeb37000, size 0xf84 fully unreadable
[0410/205705:ERROR:process_info.cc(608)] range at 0xfeb3d000, size 0xf84 fully unreadable
[0410/205744:ERROR:process_info.cc(608)] range at 0xff7e7000, size 0x230 fully unreadable
[0410/205744:ERROR:process_info.cc(608)] range at 0xff7ef000, size 0xf84 fully unreadable
[0410/205744:ERROR:process_info.cc(608)] range at 0xff7ec000, size 0xf84 fully unreadable
[0410/205744:ERROR:process_info.cc(608)] range at 0xff6bf000, size 0xf84 fully unreadable
[0410/205744:ERROR:process_info.cc(608)] range at 0xff6bc000, size 0xf84 fully unreadable
[0410/205744:ERROR:process_info.cc(608)] range at 0xff6b9000, size 0xf84 fully unreadable
[0410/205744:ERROR:process_info.cc(608)] range at 0xff6b6000, size 0xf84 fully unreadable
[0410/205744:ERROR:process_info.cc(608)] range at 0xff6b3000, size 0xf84 fully unreadable
[0410/205744:ERROR:process_info.cc(608)] range at 0xff6b0000, size 0xf84 fully unreadable
[0410/205744:ERROR:process_info.cc(608)] range at 0xff6ad000, size 0xf84 fully unreadable
